=========================================================================
Log Path: C:/Users/andre/OneDrive/Documents/mids/logs/log/results_analysis.log
Program Path: C:/Users/andre/OneDrive/Documents/mids/scripts/results_analysis.R
Working Directory: C:/Users/andre/OneDrive/Documents/mids
User Name: andre
R Version: 4.4.1 (2024-06-14 ucrt)
Machine: ANDRE x86-64
Operating System: Windows 10 x64 build 22631
Base Packages: stats graphics grDevices utils datasets methods base
Other Packages: logr_1.3.8 common_1.1.3 dunn.test_1.3.6 lubridate_1.9.3
forcats_1.0.0 stringr_1.5.1 dplyr_1.1.4 purrr_1.0.2 readr_2.1.5 tidyr_1.3.1
tibble_3.2.1 ggplot2_3.5.1 tidyverse_2.0.0
Log Start Time: 2024-08-20 00:08:17.082293
=========================================================================

STARTING RESULTS ANALYSIS

NOTE: Log Print Time:  2024-08-20 00:08:17.090611
NOTE: Elapsed Time: 0.00227093696594238 secs

Reading the necessary data...

NOTE: Log Print Time:  2024-08-20 00:08:17.092943
NOTE: Elapsed Time: 0.00233197212219238 secs

Reading data DONE.

NOTE: Log Print Time:  2024-08-20 00:08:17.506302
NOTE: Elapsed Time: 0.41335916519165 secs

Creating summary of results...

NOTE: Log Print Time:  2024-08-20 00:08:17.507831
NOTE: Elapsed Time: 0.00152897834777832 secs

Creating summary DONE.

NOTE: Log Print Time:  2024-08-20 00:08:17.53272
NOTE: Elapsed Time: 0.0248889923095703 secs

Summary saved to data/results/results-summary.csv

NOTE: Log Print Time:  2024-08-20 00:08:17.577514
NOTE: Elapsed Time: 0.0447938442230225 secs

Cleaning data...

NOTE: Log Print Time:  2024-08-20 00:08:17.579252
NOTE: Elapsed Time: 0.00173807144165039 secs

Data cleaning DONE.

NOTE: Log Print Time:  2024-08-20 00:08:17.613723
NOTE: Elapsed Time: 0.0344710350036621 secs

Cleaned data saved to data/results/results-clean.csv

NOTE: Log Print Time:  2024-08-20 00:08:17.846879
NOTE: Elapsed Time: 0.233155965805054 secs

Starting statistical tests...

NOTE: Log Print Time:  2024-08-20 00:08:17.848413
NOTE: Elapsed Time: 0.00153398513793945 secs


Call:
lm(formula = log_ratio ~ method, data = all_methods)

Coefficients:
  (Intercept)  methodMEMETIC   methoddrMIDS    methodILPS2    methodILPS3      methodMAE   methodGREEDY  
    1.7390827      0.0007618     -0.0275489      0.0003578      0.0103499     -0.0345425     -1.0359373  


NOTE: Log Print Time:  2024-08-20 00:08:17.881431
NOTE: Elapsed Time: 0.0330181121826172 secs

QQ plot saved to data/plots/qqplot.png

NOTE: Log Print Time:  2024-08-20 00:08:18.725536
NOTE: Elapsed Time: 0.844105005264282 secs


	Shapiro-Wilk normality test

data:  res
W = 0.96569, p-value = 6.921e-12


NOTE: Log Print Time:  2024-08-20 00:08:18.731411
NOTE: Elapsed Time: 0.0058748722076416 secs


	Kruskal-Wallis rank sum test

data:  log_ratio by method
Kruskal-Wallis chi-squared = 129.59, df = 6, p-value < 2.2e-16


NOTE: Log Print Time:  2024-08-20 00:08:18.742641
NOTE: Elapsed Time: 0.0112299919128418 secs


	Pairwise comparisons using Wilcoxon rank sum test with continuity correction 

data:  all_methods$log_ratio and all_methods$method 

        GRASP  MEMETIC drMIDS ILPS2  ILPS3  MAE   
MEMETIC 1      -       -      -      -      -     
drMIDS  1      1       -      -      -      -     
ILPS2   1      1       1      -      -      -     
ILPS3   1      1       1      1      -      -     
MAE     1      1       1      1      1      -     
GREEDY  <2e-16 <2e-16  <2e-16 <2e-16 <2e-16 <2e-16

P value adjustment method: bonferroni 

NOTE: Log Print Time:  2024-08-20 00:08:18.766976
NOTE: Elapsed Time: 0.0243351459503174 secs

Boxplot saved to data/plots/boxplot.png

NOTE: Log Print Time:  2024-08-20 00:08:19.411734
NOTE: Elapsed Time: 0.644757986068726 secs

ANALYSIS DONE

NOTE: Log Print Time:  2024-08-20 00:08:19.412996
NOTE: Elapsed Time: 0.00126194953918457 secs

